2020-04-07 21:56:22,722 : INFO : test_e2e : Clicking on Sign In link
2020-04-07 21:56:25,100 : INFO : test_e2e : Entering username
2020-04-07 21:56:25,279 : INFO : test_e2e : Entering password
2020-04-07 21:56:25,349 : INFO : test_e2e : Clicking on Sign in button
2020-04-07 21:56:26,196 : INFO : test_e2e : Validating error message
2020-04-07 21:56:26,225 : INFO : test_e2e : Error message validation successful
2020-04-07 21:56:27,211 : INFO : test_e2e : Clicking on Sign In link
2020-04-07 21:56:27,211 : INFO : test_e2e : Clicking on Sign In link
2020-04-07 21:56:28,629 : INFO : test_e2e : Entering username
2020-04-07 21:56:28,629 : INFO : test_e2e : Entering username
2020-04-07 21:56:28,737 : INFO : test_e2e : Entering password
2020-04-07 21:56:28,737 : INFO : test_e2e : Entering password
2020-04-07 21:56:28,788 : INFO : test_e2e : Clicking on Sign in button
2020-04-07 21:56:28,788 : INFO : test_e2e : Clicking on Sign in button
2020-04-07 21:56:29,754 : INFO : test_e2e : Validating error message
2020-04-07 21:56:29,754 : INFO : test_e2e : Validating error message
2020-04-07 21:56:29,784 : INFO : test_e2e : Error message validation successful
2020-04-07 21:56:29,784 : INFO : test_e2e : Error message validation successful
2020-04-07 22:03:24,211 : INFO : test_e2e : Clicking on Sign In link
2020-04-07 22:03:25,706 : INFO : test_e2e : Entering username
2020-04-07 22:03:25,858 : INFO : test_e2e : Entering password
2020-04-07 22:03:25,919 : INFO : test_e2e : Clicking on Sign in button
2020-04-07 22:03:26,551 : INFO : test_e2e : Validating error message
2020-04-07 22:03:26,581 : INFO : test_e2e : Error message validation successful
2020-04-07 22:03:27,335 : INFO : test_e2e : Clicking on Sign In link
2020-04-07 22:03:27,335 : INFO : test_e2e : Clicking on Sign In link
2020-04-07 22:03:28,661 : INFO : test_e2e : Entering username
2020-04-07 22:03:28,661 : INFO : test_e2e : Entering username
2020-04-07 22:03:28,769 : INFO : test_e2e : Entering password
2020-04-07 22:03:28,769 : INFO : test_e2e : Entering password
2020-04-07 22:03:28,821 : INFO : test_e2e : Clicking on Sign in button
2020-04-07 22:03:28,821 : INFO : test_e2e : Clicking on Sign in button
2020-04-07 22:03:29,430 : INFO : test_e2e : Validating error message
2020-04-07 22:03:29,430 : INFO : test_e2e : Validating error message
2020-04-07 22:03:29,461 : INFO : test_e2e : Error message validation successful
2020-04-07 22:03:29,461 : INFO : test_e2e : Error message validation successful
2020-04-07 22:12:33,872 : INFO : test_e2e : Clicking on Sign In link
2020-04-07 22:12:35,369 : INFO : test_e2e : Entering username
2020-04-07 22:12:35,541 : INFO : test_e2e : Entering password
2020-04-07 22:12:35,607 : INFO : test_e2e : Clicking on Sign in button
2020-04-07 22:12:36,745 : INFO : test_e2e : Validating error message
2020-04-07 22:12:37,272 : INFO : test_e2e : Clicking on Sign In link
2020-04-07 22:12:37,272 : INFO : test_e2e : Clicking on Sign In link
2020-04-07 22:12:38,464 : INFO : test_e2e : Entering username
2020-04-07 22:12:38,464 : INFO : test_e2e : Entering username
2020-04-07 22:12:38,573 : INFO : test_e2e : Entering password
2020-04-07 22:12:38,573 : INFO : test_e2e : Entering password
2020-04-07 22:12:38,628 : INFO : test_e2e : Clicking on Sign in button
2020-04-07 22:12:38,628 : INFO : test_e2e : Clicking on Sign in button
2020-04-07 22:12:40,234 : INFO : test_e2e : Validating error message
2020-04-07 22:12:40,234 : INFO : test_e2e : Validating error message
2020-04-08 09:22:22,562 : INFO : test_e2e : Clicking on Sign In link
2020-04-08 09:22:24,677 : INFO : test_e2e : Entering username
2020-04-08 09:22:24,850 : INFO : test_e2e : Entering password
2020-04-08 09:22:24,906 : INFO : test_e2e : Clicking on Sign in button
2020-04-08 09:22:26,215 : INFO : test_e2e : Validating error message
2020-04-08 09:22:26,715 : INFO : test_e2e : Clicking on Sign In link
2020-04-08 09:22:26,715 : INFO : test_e2e : Clicking on Sign In link
2020-04-08 09:22:27,811 : INFO : test_e2e : Entering username
2020-04-08 09:22:27,811 : INFO : test_e2e : Entering username
2020-04-08 09:22:27,914 : INFO : test_e2e : Entering password
2020-04-08 09:22:27,914 : INFO : test_e2e : Entering password
2020-04-08 09:22:27,964 : INFO : test_e2e : Clicking on Sign in button
2020-04-08 09:22:27,964 : INFO : test_e2e : Clicking on Sign in button
2020-04-08 09:22:30,196 : INFO : test_e2e : Validating error message
2020-04-08 09:22:30,196 : INFO : test_e2e : Validating error message
2020-04-08 19:52:19,015 : INFO : test_e2e : Clicking on Sign In link
2020-04-08 19:52:20,957 : INFO : test_e2e : Entering username in username field
2020-04-08 19:52:22,906 : INFO : test_e2e : Clicking on Sign In link
2020-04-08 19:52:22,906 : INFO : test_e2e : Clicking on Sign In link
2020-04-08 19:52:23,945 : INFO : test_e2e : Entering username in username field
2020-04-08 19:52:23,945 : INFO : test_e2e : Entering username in username field
2020-04-08 19:55:12,981 : INFO : test_e2e : Clicking on Sign In link
2020-04-08 19:55:14,356 : INFO : test_e2e : Entering username in username field
2020-04-08 19:55:16,169 : INFO : test_e2e : Clicking on Sign In link
2020-04-08 19:55:16,169 : INFO : test_e2e : Clicking on Sign In link
2020-04-08 19:55:18,343 : INFO : test_e2e : Entering username in username field
2020-04-08 19:55:18,343 : INFO : test_e2e : Entering username in username field
2020-04-08 19:55:50,361 : INFO : test_e2e : Clicking on Sign In link
2020-04-08 19:55:52,240 : INFO : test_e2e : Entering username in username field
2020-04-08 19:55:55,108 : INFO : test_e2e : Clicking on Sign In link
2020-04-08 19:55:55,108 : INFO : test_e2e : Clicking on Sign In link
2020-04-08 19:55:57,050 : INFO : test_e2e : Entering username in username field
2020-04-08 19:55:57,050 : INFO : test_e2e : Entering username in username field
2020-04-08 20:02:07,728 : INFO : test_e2e : Clicking on Sign In link
2020-04-08 20:02:09,744 : INFO : test_e2e : Entering username in username field
2020-04-08 20:02:11,717 : INFO : test_e2e : Clicking on Sign In link
2020-04-08 20:02:11,717 : INFO : test_e2e : Clicking on Sign In link
2020-04-08 20:02:13,295 : INFO : test_e2e : Entering username in username field
2020-04-08 20:02:13,295 : INFO : test_e2e : Entering username in username field
2020-04-08 20:55:19,021 : INFO : test_e2e : Clicking on Sign In link
2020-04-08 20:55:20,767 : INFO : test_e2e : Entering username in username field
2020-04-08 20:55:20,810 : INFO : test_e2e : Entering username in username field
2020-04-08 20:55:20,856 : INFO : test_e2e : Clicking on submit link
2020-04-08 20:55:21,689 : INFO : test_e2e : Validating login error message
2020-04-08 20:55:21,752 : INFO : test_e2e : Clicking on Sign In link
2020-04-08 20:55:21,752 : INFO : test_e2e : Clicking on Sign In link
2020-04-08 20:57:17,995 : INFO : test_e2e : Clicking on Sign In link
2020-04-08 20:57:20,791 : INFO : test_e2e : Entering username in username field
2020-04-08 20:57:20,840 : INFO : test_e2e : Entering username in username field
2020-04-08 20:57:20,882 : INFO : test_e2e : Clicking on submit link
2020-04-08 20:57:21,924 : INFO : test_e2e : Validating login error message
2020-04-08 20:57:21,990 : INFO : test_e2e : Clicking on Sign In link
2020-04-08 20:57:21,990 : INFO : test_e2e : Clicking on Sign In link
2020-04-08 21:05:18,271 : INFO : test_e2e : Clicking on Sign In link
2020-04-08 21:05:19,725 : INFO : test_e2e : Entering username in username field
2020-04-08 21:05:19,860 : INFO : test_e2e : Entering username in username field
2020-04-08 21:05:19,921 : INFO : test_e2e : Clicking on submit link
2020-04-08 21:05:20,777 : INFO : test_e2e : Validating login error message
2020-04-08 21:05:22,303 : INFO : test_e2e : Clicking on Sign In link
2020-04-08 21:05:22,303 : INFO : test_e2e : Clicking on Sign In link
2020-04-08 21:05:23,632 : INFO : test_e2e : Entering username in username field
2020-04-08 21:05:23,632 : INFO : test_e2e : Entering username in username field
2020-04-08 21:05:23,729 : INFO : test_e2e : Entering username in username field
2020-04-08 21:05:23,729 : INFO : test_e2e : Entering username in username field
2020-04-08 21:05:23,778 : INFO : test_e2e : Clicking on submit link
2020-04-08 21:05:23,778 : INFO : test_e2e : Clicking on submit link
2020-04-08 21:05:25,302 : INFO : test_e2e : Validating login error message
2020-04-08 21:05:25,302 : INFO : test_e2e : Validating login error message
2020-04-08 22:12:53,955 : INFO : test_e2e : Clicking on Sign In link
2020-04-08 22:12:56,720 : INFO : test_e2e : Entering username in username field
2020-04-08 22:12:56,826 : INFO : test_e2e : Entering username in username field
2020-04-08 22:12:56,882 : INFO : test_e2e : Clicking on submit link
2020-04-08 22:12:57,726 : INFO : test_e2e : Validating login error message
2020-04-08 22:15:08,981 : INFO : test_e2e : Clicking on Sign In link
2020-04-08 22:15:10,435 : INFO : test_e2e : Entering username in username field
2020-04-08 22:15:10,589 : INFO : test_e2e : Entering username in username field
2020-04-08 22:15:10,642 : INFO : test_e2e : Clicking on submit link
2020-04-08 22:15:11,442 : INFO : test_e2e : Validating login error message
2020-04-08 22:16:46,555 : INFO : test_e2e : Clicking on Sign In link
2020-04-08 22:16:48,196 : INFO : test_e2e : Entering username in username field
2020-04-08 22:16:48,324 : INFO : test_e2e : Entering username in username field
2020-04-08 22:16:48,382 : INFO : test_e2e : Clicking on submit link
2020-04-08 22:16:49,226 : INFO : test_e2e : Validating login error message
2020-04-08 22:26:22,569 : INFO : test_e2e : Clicking on Sign In link
2020-04-08 22:26:24,016 : INFO : test_e2e : Entering username in username field
2020-04-08 22:26:24,172 : INFO : test_e2e : Entering username in username field
2020-04-08 22:26:24,221 : INFO : test_e2e : Clicking on submit link
2020-04-08 22:26:25,236 : INFO : test_e2e : Validating login error message
2020-04-08 22:26:26,067 : INFO : test_e2e : Clicking on Sign In link
2020-04-08 22:26:26,067 : INFO : test_e2e : Clicking on Sign In link
2020-04-08 22:26:28,501 : INFO : test_e2e : Entering username in username field
2020-04-08 22:26:28,501 : INFO : test_e2e : Entering username in username field
2020-04-08 22:26:28,601 : INFO : test_e2e : Entering username in username field
2020-04-08 22:26:28,601 : INFO : test_e2e : Entering username in username field
2020-04-08 22:26:28,642 : INFO : test_e2e : Clicking on submit link
2020-04-08 22:26:28,642 : INFO : test_e2e : Clicking on submit link
2020-04-08 22:26:29,867 : INFO : test_e2e : Validating login error message
2020-04-08 22:26:29,867 : INFO : test_e2e : Validating login error message
2020-04-08 22:26:30,595 : INFO : test_e2e : Clicking on Sign In link
2020-04-08 22:26:30,595 : INFO : test_e2e : Clicking on Sign In link
2020-04-08 22:26:30,595 : INFO : test_e2e : Clicking on Sign In link
2020-04-08 22:26:31,875 : INFO : test_e2e : Entering username in username field
2020-04-08 22:26:31,875 : INFO : test_e2e : Entering username in username field
2020-04-08 22:26:31,875 : INFO : test_e2e : Entering username in username field
2020-04-08 22:26:31,976 : INFO : test_e2e : Entering username in username field
2020-04-08 22:26:31,976 : INFO : test_e2e : Entering username in username field
2020-04-08 22:26:31,976 : INFO : test_e2e : Entering username in username field
2020-04-08 22:26:32,021 : INFO : test_e2e : Clicking on submit link
2020-04-08 22:26:32,021 : INFO : test_e2e : Clicking on submit link
2020-04-08 22:26:32,021 : INFO : test_e2e : Clicking on submit link
2020-04-08 22:26:32,731 : INFO : test_e2e : Validating login error message
2020-04-08 22:26:32,731 : INFO : test_e2e : Validating login error message
2020-04-08 22:26:32,731 : INFO : test_e2e : Validating login error message
2020-04-08 22:26:33,547 : INFO : test_e2e : Clicking on Sign In link
2020-04-08 22:26:33,547 : INFO : test_e2e : Clicking on Sign In link
2020-04-08 22:26:33,547 : INFO : test_e2e : Clicking on Sign In link
2020-04-08 22:26:33,547 : INFO : test_e2e : Clicking on Sign In link
2020-04-08 22:26:35,167 : INFO : test_e2e : Entering username in username field
2020-04-08 22:26:35,167 : INFO : test_e2e : Entering username in username field
2020-04-08 22:26:35,167 : INFO : test_e2e : Entering username in username field
2020-04-08 22:26:35,167 : INFO : test_e2e : Entering username in username field
2020-04-08 22:26:35,258 : INFO : test_e2e : Entering username in username field
2020-04-08 22:26:35,258 : INFO : test_e2e : Entering username in username field
2020-04-08 22:26:35,258 : INFO : test_e2e : Entering username in username field
2020-04-08 22:26:35,258 : INFO : test_e2e : Entering username in username field
2020-04-08 22:26:35,299 : INFO : test_e2e : Clicking on submit link
2020-04-08 22:26:35,299 : INFO : test_e2e : Clicking on submit link
2020-04-08 22:26:35,299 : INFO : test_e2e : Clicking on submit link
2020-04-08 22:26:35,299 : INFO : test_e2e : Clicking on submit link
2020-04-08 22:26:36,189 : INFO : test_e2e : Validating login error message
2020-04-08 22:26:36,189 : INFO : test_e2e : Validating login error message
2020-04-08 22:26:36,189 : INFO : test_e2e : Validating login error message
2020-04-08 22:26:36,189 : INFO : test_e2e : Validating login error message
2020-04-08 22:27:47,215 : INFO : test_e2e : Clicking on Sign In link
2020-04-08 22:27:48,495 : INFO : test_e2e : Entering username in username field
2020-04-08 22:27:48,646 : INFO : test_e2e : Entering username in username field
2020-04-08 22:27:48,699 : INFO : test_e2e : Clicking on submit link
2020-04-08 22:27:49,986 : INFO : test_e2e : Validating login error message
2020-04-08 22:27:51,743 : INFO : test_e2e : Clicking on Sign In link
2020-04-08 22:27:51,743 : INFO : test_e2e : Clicking on Sign In link
2020-04-08 22:27:53,024 : INFO : test_e2e : Entering username in username field
2020-04-08 22:27:53,024 : INFO : test_e2e : Entering username in username field
2020-04-08 22:27:53,122 : INFO : test_e2e : Entering username in username field
2020-04-08 22:27:53,122 : INFO : test_e2e : Entering username in username field
2020-04-08 22:27:53,165 : INFO : test_e2e : Clicking on submit link
2020-04-08 22:27:53,165 : INFO : test_e2e : Clicking on submit link
2020-04-08 22:27:54,231 : INFO : test_e2e : Validating login error message
2020-04-08 22:27:54,231 : INFO : test_e2e : Validating login error message
2020-04-08 22:29:52,589 : INFO : test_e2e : Clicking on Sign In link
2020-04-08 22:29:53,737 : INFO : test_e2e : Entering username in username field
2020-04-08 22:29:53,840 : INFO : test_e2e : Entering username in username field
2020-04-08 22:29:53,896 : INFO : test_e2e : Clicking on submit link
2020-04-08 22:29:55,017 : INFO : test_e2e : Validating login error message
2020-04-08 22:29:55,875 : INFO : test_e2e : Clicking on Sign In link
2020-04-08 22:29:55,875 : INFO : test_e2e : Clicking on Sign In link
2020-04-08 22:29:57,053 : INFO : test_e2e : Entering username in username field
2020-04-08 22:29:57,053 : INFO : test_e2e : Entering username in username field
2020-04-08 22:29:57,134 : INFO : test_e2e : Entering username in username field
2020-04-08 22:29:57,134 : INFO : test_e2e : Entering username in username field
2020-04-08 22:29:57,175 : INFO : test_e2e : Clicking on submit link
2020-04-08 22:29:57,175 : INFO : test_e2e : Clicking on submit link
2020-04-08 22:29:58,007 : INFO : test_e2e : Validating login error message
2020-04-08 22:29:58,007 : INFO : test_e2e : Validating login error message
2020-04-08 22:38:19,063 : INFO : test_e2e : Clicking on Sign In link
2020-04-08 22:38:20,413 : INFO : test_e2e : Entering username in username field
2020-04-08 22:38:20,522 : INFO : test_e2e : Entering username in username field
2020-04-08 22:38:20,579 : INFO : test_e2e : Clicking on submit link
2020-04-08 22:38:21,349 : INFO : test_e2e : Validating login error message
2020-04-08 22:38:22,070 : INFO : test_e2e : Clicking on Sign In link
2020-04-08 22:38:22,070 : INFO : test_e2e : Clicking on Sign In link
2020-04-08 22:38:23,290 : INFO : test_e2e : Entering username in username field
2020-04-08 22:38:23,290 : INFO : test_e2e : Entering username in username field
2020-04-08 22:38:23,372 : INFO : test_e2e : Entering username in username field
2020-04-08 22:38:23,372 : INFO : test_e2e : Entering username in username field
2020-04-08 22:38:23,413 : INFO : test_e2e : Clicking on submit link
2020-04-08 22:38:23,413 : INFO : test_e2e : Clicking on submit link
2020-04-08 22:38:24,284 : INFO : test_e2e : Validating login error message
2020-04-08 22:38:24,284 : INFO : test_e2e : Validating login error message
